<?xml version="1.0" encoding="UTF-8"?>
<testsuite xmlns:xsi="http://www.w3.org/2001/XMLSchema-instance" xsi:noNamespaceSchemaLocation="https://maven.apache.org/surefire/maven-surefire-plugin/xsd/surefire-test-report-3.0.xsd" version="3.0" name="TestSuite" time="63.984" tests="1" errors="0" skipped="0" failures="0">
  <properties>
[...]
</properties>
  <testcase name="runScenario[&quot;Get all the canditate magiority&quot;, &quot;Unknown&quot;](1)" classname="CucumberOptions.TestRunner" time="61.637">
    <system-out><![CDATA[
Scenario: Get all the canditate magiority                     # src/test/java/Features/ElectionMajority.feature:4
  Given User is on AP Election Page                           # StepDefinitions.HomePageStepDefination.user_is_on_ap_election_page()
135
1    Ichchapuram(1)    ASHOK BENDALAM    110612    39783    22/22    
2    Palasa(2)    GOUTHU SIREESHA    101560    40350    21/21    
3    Tekkali(3)    ATCHANNAIDU KINJARAPU    107923    34435    24/24    
4    Pathapatnam(4)    MAMIDI GOVINDA RAO    89452    26527    24/24    
5    Srikakulam(5)    GONDU SHANKAR    117091    52521    20/20    
6    Amadalavalasa(6)    KOONA RAVI KUMAR    88003    35032    19/19    
7    Narasannapeta(8)    BAGGU RAMANAMURTHY    99951    29371    21/21    
8    Rajam (9)    KONDRU MURALI MOHAN    94385    20722    21/21    
9    Kurupam (11)    JAGADEESWARI THOYAKA    83355    23500    20/20    
10    Parvathipuram (12)    BONELA VIJAYA CHANDRA    83905    24414    17/17    
11    Salur (13)    GUMMIDI SANDHYARANI    80211    13733    18/18    
12    Bobbili(14)    R.V.S.K.K.RANGA RAO @ BABYNAYANA    112366    44648    19/19    
13    Cheepurupalle(15)    KALAVENKATARAO KIMIDI    88225    11971    20/20    
14    Gajapathinagaram(16)    KONDAPALLI SRINIVAS    98051    25301    20/20    
15    Vizianagaram(18)    ADITI VIJAYALAKSHMI GAJAPATHI RAJU PUSAPATI    121241    60609    20/20    
16    Srungavarapukota(19)    KOLLA LALITHA KUMARI    111026    38790    21/21    
17    Bhimili(20)    GANTA SRINIVASA RAO    176230    92401    26/26    
18    Visakhapatnam East(21)    RAMAKRISHNA BABU VELAGAPUDI    132047    70877    22/22    
19    Visakhapatnam West(24)    P.G.V.R.NAIDU(GANABABU)    90805    35184    16/16    
20    Gajuwaka(25)    PALLA SRINIVAS RAO    157703    95235    22/22    
21    Chodavaram(26)    SURYA NAGA SANYASI RAJU KALIDINDI    109651    42189    18/18    
22    Madugula(27)    BANDARU SATYANARAYANA MURTHY    91869    28026    17/17    
23    Payakaraopet (33)    ANITHA VANGALAPUDI    120042    43727    21/21    
24    Narsipatnam(34)    AYYANNAPATRUDU CHINTAKAYALA    99849    24676    19/19    
25    Tuni(35)    DIVYA YANAMALA    97206    15177    16/16    
26    Prathipadu(36)    VARUPULA SATYA PRABHA    103002    38768    17/17    
27    Peddapuram(39)    CHINA RAJAPPA NIMMAKAYALA    105685    40451    15/15    
28    Kakinada City(41)    VANAMADI VENKATESWARA RAO @ KONDABABU    113014    56572    17/17    
29    Ramachandrapuram(42)    VASAMSETTI. SUBASH    97652    26291    25/25    
30    Mummidivaram(43)    DATLA SUBBARAJU (BUCHIBABU)    118687    38736    20/20    
31    Amalapuram (44)    AITHABATHULA ANANDARAO    104022    38628    17/17    
32    Kothapeta(47)    BANDARU SATYANANDA RAO    134286    56479    19/19    
33    Mandapeta(48)    JOGESWARA RAO.V    116309    44435    23/23    
34    Rajahmundry City(50)    ADIREDDY SRINIVAS    123291    71404    18/18    
35    Rajahmundry Rural(51)    GORANTLA BUTCHAIAH CHOUDARY    129060    64090    20/20    
36    Jaggampeta(52)    JYOTHULA NEHRU    113593    52676    18/18    
37    Rampachodavaram (53)    MIRIYALA SIRISHA DEVI    90087    9139    20/20    
38    Kovvur (54)    MUPPIDI VENKATESWARA RAO    92743    33946    13/13    
39    Achanta(56)    SATYANARAYANA PITHANI    85402    26554    14/14    
40    Palacole(57)    DR.NIMMALA RAMANAIDU    113114    67945    14/14    
41    Undi(60)    KANUMURU RAGHU RAMA KRISHNA RAJU (R R R)    116902    56777    18/18    
42    Tanuku(61)    ARIMILLI RADHA KRISHNA    129547    72121    17/17    
43    Denduluru(64)    CHINTAMANENI PRABHAKAR    107287    26266    18/18    
44    Eluru(65)    RADHA KRISHNAYYA BADETI    111562    62388    16/16    
45    Gopalapuram (66)    MADDIPATI VENKATA RAJU    114420    26784    18/18    
46    Chintalapudi (68)    ROSHAN KUMAR SONGA    120126    27766    20/20    
47    Tiruvuru (SC)(69)    KOLIKAPUDI SRINIVASA RAO    100719    21874    18/18    
48    Nuzvid(70)    KOLUSU PARTHA SARATHY    108229    12378    21/21    
49    Gannavaram(71)    YARLAGADDA VENKATA RAO    135552    37628    23/23    
50    Gudivada(72)    VENIGANDLA RAMU    109980    53040    17/17    
51    Pedana(74)    KAGITHA KRISHNAPRASAD    91394    38123    17/17    
52    Machilipatnam(75)    KOLLU. RAVINDRA    105044    50242    15/15    
53    Pamarru (SC)(77)    KUMAR RAJA VARLA    94189    29690    17/17    
54    Penamaluru(78)    BODE PRASAD    144912    59915    23/23    
55    Vijayawada Central(80)    BONDA UMAMAHESWARARAO    130034    68886    21/21    
56    Vijayawada East(81)    GADDE RAMA MOHAN    118841    49640    23/23    
57    Mylavaram(82)    VASANTHA VENKATA KRISHNA PRASAD    137338    42829    22/22    
58    Nandigama (SC)(83)    TANGIRALA SOWMYA    102201    27395    17/17    
59    Jaggayyapeta(84)    RAJAGOPAL SREERAM (TATAIAH)    98479    15977    16/16    
60    Pedakurapadu(85)    BHASHYAM PRAVEEN    112957    21089    20/20    
61    Tadikonda (SC)(86)    TENALI SRAVAN KUMAR    109585    39606    18/18    
62    Mangalagiri(87)    NARA LOKESH    167710    91413    22/22    
63    Ponnur(88)    DHULIPALLA NARENDRA KUMAR    110410    32915    19/19    
64    Vemuru (SC)(89)    ANANDA BABU NAKKA    94922    22021    17/17    
65    Repalle(90)    ANAGANI SATYA PRASAD    111129    39947    19/19    
66    Bapatla(92)    VEGESANA NARENDRA VARMA RAJU    90626    27768    15/15    
67    Prathipadu (SC)(93)    BURLA RAMANJANEYULU    128665    42015    22/22    
68    Guntur West(94)    GALLA MADHAVI    116067    51150    21/21    
69    Guntur East(95)    MOHAMMED NASEER AHMED    100815    31962    19/19    
70    Chilakaluripet(96)    PRATHIPATI PULLARAO    111062    33262    18/18    
71    Narasaraopet(97)    ARAVINDA BABU CHADALAVADA    103167    19705    18/18    
72    Sattenapalle(98)    KANNA LAKSHMINARAYANA    117965    27836    21/21    
73    Vinukonda(99)    GONUGUNTLA VENKATA SIVA SITA RAMA ANZANNEYLLU    131438    30267    22/22    
74    Gurajala(100)    YARAPATHINENI SRINIVASA RAO    128201    29486    23/23    
75    Macherla(101)    JULAKANTI BRAHMANANDA REDDY    122413    33318    24/24    
76    Parchur(104)    YELURI SAMBASIVA RAO    110575    24013    22/22    
77    Addanki(105)    GOTTIPATI RAVI KUMAR    116418    24890    22/22    
78    Chirala(106)    MADDULURI MALA KONDAIAH    72700    20984    16/16    
79    Santhanuthalapadu (SC)(107)    VIJAY KUMAR B.N    105757    30385    20/20    
80    Ongole(108)    DAMACHARLA JANARDHANA RAO    118800    34026    19/19    
81    Kandukur(109)    INTURI NAGESWARA RAO    109173    18558    20/20    
82    Kondapi (SC)(110)    DOCTOR DOLA SREE BALA VEERANJANEYA SWAMY    116674    24756    21/21    
83    Markapuram(111)    KANDULA NARAYANA REDDY    99005    13979    19/19    
84    Giddalur(112)    ASHOK REDDY MUTHUMULA    98463    973    21/21    
85    Kanigiri(113)    DR. UGRA NARASIMHA REDDY MUKKU    107045    14604    22/22    
86    Kavali(114)    DAGUMATI VENKATA KRISHNA REDDY    106536    30948    24/24    
87    Atmakur(115)    ANAM.RAMANARAYANA REDDY    91165    7576    22/22    
88    Kovur(116)    PRASHANTHI REDDY VEMIREDDY    130623    54583    25/25    
89    Nellore City(117)    NARAYANA PONGURU    120551    72489    18/18    
90    Nellore Rural(118)    KOTAMREDDY SRIDHAR REDDY    109975    34480    24/24    
91    Sarvepalli(119)    CHANDRA MOHAN REDDY SOMIREDDY    103278    16288    21/21    
92    Gudur(120)    PASIM SUNIL KUMAR    102675    21192    21/21    
93    Sullurpeta(121)    NELAVALA VIJAYASREE    111048    29115    22/22    
94    Venkatagiri(122)    KURUGONDLA RAMAKRISHNA    104398    16294    22/22    
95    Udayagiri(123)    KAKARLA SURESH    101537    9621    24/24    
96    Kadapa(126)    MADHAVI REDDAPPA GARI    90988    18860    21/21    
97    Rayachoti(128)    MANDIPALLI RAMPRASAD REDDY    95925    2495    21/21    
98    Kamalapuram(130)    KRISHNA CHAITANYA REDDY PUTHA    95207    25357    18/18    
99    Proddatur(132)    NANDYALA VARADA RAJULA REDDY    106712    22744    20/20    
100    Mydukur(133)    SUDHAKAR PUTTA    96181    20950    21/21    
101    Allagadda(134)    AKHILA PRIYA BHUMA    98881    12037    22/22    
102    Srisailam(135)    BUDDA RAJASEKHARA REDDY    81699    6385    23/23    
103    Nandikotkur (SC)(136)    G JAYASURYA    92004    9792    27/27    
104    Kurnool(137)    T.G.BHARATH    91690    18876    19/19    
105    Panyam(138)    GOWRU CHARITHA REDDY    141272    40591    26/26    
106    Nandyal(139)    NASYAM MOHAMMED FAROOK    103075    12333    21/21    
107    Banaganapalle(140)    B.C. JANARDHAN REDDY    110603    25566    24/24    
108    Dhone(141)    KOTLA JAYA SURYA PRAKASH REDDY    93523    6049    21/21    
109    Pattikonda(142)    K.E. SHYAM KUMAR    98849    14211    19/19    
110    Kodumur (SC)(143)    BOGGULA DASTAGIRI    101703    21583    20/20    
111    Yemmiganur(144)    B. JAYANAGESWARA REDDY    103089    15837    20/20    
112    Rayadurg(148)    KALAVA SRINIVASULU    130309    41659    22/22    
113    Uravakonda(149)    PAYYAVULA KESHAV    102046    21704    15/15    
114    Guntakal(150)    GUMMANUR JAYARAM    101700    6826    20/20    
115    Tadpatri(151)    ASHMIT REDDY J.C    113755    27731    20/20    
116    Singanamala (SC)(152)    BANDARU SRAVANI SREE    102957    8788    22/22    
117    Anantapur Urban(153)    DAGGUPATI PRASAD    103334    23023    21/21    
118    Kalyandurg(154)    AMILINENI SURENDRA BABU    118878    37734    19/19    
119    Raptadu(155)    PARITALA SUNITHAMMA    116140    23329    21/21    
120    Madakasira (SC)(156)    M.S.RAJU    79983    351    18/18    
121    Hindupur(157)    NANDAMURI BALAKRISHNA    107250    32597    19/19    
122    Penukonda(158)    S. SAVITHA    113832    33388    19/19    
123    Puttaparthi(159)    PALLE SINDHURA REDDY    91741    8760    18/18    
124    Kadiri(161)    KANDIKUNTA VENKATA PRASAD    103610    6265    21/21    
125    Pileru(163)    NALLARI KISHAN KUMAR REDDY    105582    25081    21/21    
126    Madanapalle(164)    M.SHAJAHAN BASHA    97980    5509    19/19    
127    Chandragiri(166)    VENKATA MANI PRASAD PULLIVARTHI    143667    43852    20/20    
128    Srikalahasti(168)    BOJJALA VENKATA SUDHIR REDDY    121565    43304    21/21    
129    Satyavedu(169)    KONETI ADIMULAM    85471    3739    20/20    
130    Nagari(170)    GALI BHANU PRAKASH    107797    45004    18/18    
131    Gangadhara Nellore (SC)(171)    DR. VM. THOMAS    101176    26011    20/20    
132    Chittoor(172)    GURAJALA JAGAN MOHAN (GJM)    88066    14604    17/17    
133    Puthalapattu (SC)(173)    K MURALI MOHAN    102137    15634    20/20    
134    Palamaner(174)    AMARANATHA REDDY. N    123232    20122    21/21    
135    Kuppam(175)    CHANDRABABU NAIDU NARA    121929    48006    18/18    
  When Click on TDP Page                                      # StepDefinitions.TDPPageStepDefination.click_on_tdp_page()
21
1    Palakonda (10)    JAYAKRISHNA NIMMAKA    75208    13291    21/21    
2    Nellimarla(17)    LOKAM NAGA MADHAVI    109915    39829    18/18    
3    Visakhapatnam South(22)    CH.VAMSI KRISHNA SRINIVAS    97868    64594    17/17    
4    Anakapalle(30)    KONATHALA RAMAKRISHNA    115126    65764    19/19    
5    Pendurthi(31)    PANCHAKARLA RAMESH BABU    149611    81870    22/22    
6    Yelamanchili(32)    SUNDARAPU VIJAY KUMAR    109443    48956    19/19    
7    Pithapuram(37)    KONIDALA PAWAN KALYAN    134394    70279    18/18    
8    Kakinada Rural(38)    PANTAM VENKATESWARA RAO (PANTAM NANAJI)    134414    72040    20/20    
9    Razole (45)    DEVA VARAPRASAD    95514    39011    16/16    
10    Gannavaram(SC)(46)    GIDDI. SATYANARAYANA    96108    33367    19/19    
11    Rajanagaram(49)    BATHULA BALARAMAKRISHNA S/O GANGARAO    105995    34049    16/16    
12    Nidadavole(55)    KANDULA DURGESH    102699    33304    16/16    
13    Narasapuram(58)    BOMMIDI NARAYANA NAYAKAR    94116    49738    13/13    
14    Bhimavaram(59)    RAMANJANEYULU PULAPARTHI (ANJIBABU)    130424    66974    17/17    
15    Tadepalligudem(62)    BOLISETTY SRINIVAS    116443    62492    15/15    
16    Ungutur(63)    DHARMARAJU PATSAMATLA    108894    44945    17/17    
17    Polavaram (67)    CHIRRI BALARAJU    101453    7935    21/21    
18    Avanigadda(76)    BUDDHAPRASAD MANDALI    113460    46434    21/21    
19    Tenali(91)    NADENDLA MANOHAR    123961    48112    21/21    
20    Kodur (SC)(127)    ARAVA SREEDHAR    78594    11101    18/18    
21    Tirupati(167)    ARANII SRENEVASULU    124107    61956    20/20    
  And Click on JSP page                                       # StepDefinitions.JSPPageStepDefination.click_on_jsp_page()
11
1    Araku Valley (28)    REGAM MATYALINGAM    65658    31877    23/23    
2    Paderu (29)    MATSYARASA VISWESWARA RAJU    68170    19338    23/23    
3    Yerragondapalem (SC)(102)    CHANDRA SEKHAR TATIPARTHI    91741    5200    19/19    
4    Darsi(103)    BUCHEPALLI SIVA PRASAD REDDY    101889    2456    21/21    
5    Badvel(124)    DASARI SUDHA    90410    18567    20/20    
6    Rajampet(125)    AKEPATI AMARNATH REDDY    92609    7016    21/21    
7    Pulivendla(129)    YS JAGAN MOHAN REDDY    116315    61687    23/23    
8    Mantralayam(145)    Y. BALANAGI REDDY    87662    12805    17/17    
9    Alur(147)    B. VIRUPAKSHI    100264    2831    21/21    
10    Thamballapalle(162)    P. DWARAKANATHA REDDY    94136    10103    18/18    
11    Punganur(165)    PEDDIREDDI RAMACHANDRA REDDY    100793    6095    19/19    
  And Click on YSRCP page                                     # StepDefinitions.YSRCPStepDefination.click_on_ysrcp_page()
8
1    Etcherla(7)    ESWARA RAO NADUKUDITI    112770    29089    23/23    
2    Visakhapatnam North(23)    VISHNU KUMAR RAJU PENMETSA    108801    47534    21/21    
3    Anaparthy(40)    RAMAKRISHNA REDDY NALLAMILLI    105720    20850    17/17    
4    Kaikalur(73)    KAMINENI SRINIVAS    109280    45273    17/17    
5    Vijayawada West(79)    YALAMANCHILI SATYANARAYANA CHOWDARY (SUJANA CHOWDARY)    105669    47032    20/20    
6    Jammalamadugu(131)    ADINARAYANA REDDY CHADIPIRALA    109640    17191    23/23    
7    Adoni(146)    DR. PARTHA SARATHI VALMIKI    89929    18164    19/19    
8    Dharmavaram(160)    SATYA KUMAR YADAV    106544    3734    21/21    
  And click on BJP Page                                       # StepDefinitions.BJPPageStepDefinition.click_on_bjp_page()
  Then Verify total number of details of canditates displayed # StepDefinitions.HomePageStepDefination.verify_total_number_of_details_of_canditates_displayed()
]]></system-out>
    <system-err><![CDATA[SLF4J: Failed to load class "org.slf4j.impl.StaticLoggerBinder".
SLF4J: Defaulting to no-operation (NOP) logger implementation
SLF4J: See http://www.slf4j.org/codes.html#StaticLoggerBinder for further details.
Jun 26, 2024 12:15:04 AM org.openqa.selenium.devtools.CdpVersionFinder findNearestMatch
WARNING: Unable to find an exact match for CDP version 126, returning the closest version; found: 125; Please update to a Selenium version that supports CDP version 126
]]></system-err>
  </testcase>
</testsuite>